<?xml version="1.0" encoding="UTF-8"?>
<robot generator="Robot 7.0 (Python 3.11.8 on win32)" generated="2024-03-13T11:53:39.064299" rpa="false" schemaversion="5">
<suite id="s1" name="Testeoutlook" source="c:\Users\LowCost\Desktop\Outloook robot\QA-robot\individual-outlook\testescase\testeoutlook.robot">
<test id="s1-t1" name="Realizar Login" line="10">
<kw name="Login alternativo com senha incorreta" owner="Login">
<kw name="Dado que eu acesse o site da outlook" owner="SetupTeardown">
<kw name="Open Browser" owner="SeleniumLibrary">
<msg time="2024-03-13T11:53:39.352909" level="INFO">Opening browser 'Chrome' to base url 'https://outlook.com'.</msg>
<arg>url=${URL}</arg>
<arg>browser=Chrome</arg>
<doc>Opens a new browser instance to the optional ``url``.</doc>
<status status="PASS" start="2024-03-13T11:53:39.351910" elapsed="6.314234"/>
</kw>
<kw name="Maximize Browser Window" owner="SeleniumLibrary">
<doc>Maximizes current browser window.</doc>
<status status="PASS" start="2024-03-13T11:53:45.666639" elapsed="0.159479"/>
</kw>
<status status="PASS" start="2024-03-13T11:53:39.351910" elapsed="6.475255"/>
</kw>
<kw name="Quando eu rolar a tela para baixo" owner="Keywords-Login">
<kw name="Scroll Element Into View" owner="SeleniumLibrary">
<arg>${DIV_ROLAMENTO_PAGINA}</arg>
<doc>Scrolls the element identified by ``locator`` into view.</doc>
<status status="PASS" start="2024-03-13T11:53:45.828137" elapsed="0.337542"/>
</kw>
<kw name="Scroll Element Into View" owner="SeleniumLibrary">
<arg>${IMAGEM_TELA_INICIAL}</arg>
<doc>Scrolls the element identified by ``locator`` into view.</doc>
<status status="PASS" start="2024-03-13T11:53:46.165679" elapsed="0.292963"/>
</kw>
<status status="PASS" start="2024-03-13T11:53:45.828137" elapsed="0.631012"/>
</kw>
<kw name="E clicar em iniciar sessão" owner="Keywords-Login">
<kw name="Element Should Be Visible" owner="SeleniumLibrary">
<msg time="2024-03-13T11:53:46.499771" level="INFO">Element '//*[@id="hero-cta-oc5ff4e"]/div[2]/div/nav/div[2]/ul/li[1]/div/a' is displayed.</msg>
<arg>${INICIAR_SESSAO}</arg>
<doc>Verifies that the element identified by ``locator`` is visible.</doc>
<status status="PASS" start="2024-03-13T11:53:46.460595" elapsed="0.041179"/>
</kw>
<kw name="Click Element" owner="SeleniumLibrary">
<msg time="2024-03-13T11:53:46.502460" level="INFO">Clicking element '//*[@id="hero-cta-oc5ff4e"]/div[2]/div/nav/div[2]/ul/li[1]/div/a'.</msg>
<arg>${INICIAR_SESSAO}</arg>
<doc>Click the element identified by ``locator``.</doc>
<status status="PASS" start="2024-03-13T11:53:46.502460" elapsed="0.153563"/>
</kw>
<status status="PASS" start="2024-03-13T11:53:46.460149" elapsed="0.196082"/>
</kw>
<kw name="E mudar para nova aba" owner="Keywords-Login">
<kw name="Switch Window" owner="SeleniumLibrary">
<arg>NEW</arg>
<doc>Switches to browser window matching ``locator``.</doc>
<status status="PASS" start="2024-03-13T11:53:46.656803" elapsed="0.016795"/>
</kw>
<status status="PASS" start="2024-03-13T11:53:46.656803" elapsed="0.016795"/>
</kw>
<kw name="E preencher email" owner="Keywords-Login">
<kw name="Wait Until Page Contains Element" owner="SeleniumLibrary">
<arg>${INPUT_LOGIN}</arg>
<doc>Waits until the element ``locator`` appears on the current page.</doc>
<status status="PASS" start="2024-03-13T11:53:46.674644" elapsed="1.229092"/>
</kw>
<kw name="Input Text" owner="SeleniumLibrary">
<msg time="2024-03-13T11:53:47.904720" level="INFO">Typing text 'gustav8Testes@outlook.com' into text field 'id=i0116'.</msg>
<arg>${INPUT_LOGIN}</arg>
<arg>gustav8Testes@outlook.com</arg>
<doc>Types the given ``text`` into the text field identified by ``locator``.</doc>
<status status="PASS" start="2024-03-13T11:53:47.904720" elapsed="0.270275"/>
</kw>
<status status="PASS" start="2024-03-13T11:53:46.674644" elapsed="1.501327"/>
</kw>
<kw name="E clico no botão avançar" owner="Keywords-Login">
<kw name="Wait Until Page Contains Element" owner="SeleniumLibrary">
<arg>${BOTAO AVANCAR}</arg>
<doc>Waits until the element ``locator`` appears on the current page.</doc>
<status status="PASS" start="2024-03-13T11:53:48.176993" elapsed="0.016139"/>
</kw>
<kw name="Click Element" owner="SeleniumLibrary">
<msg time="2024-03-13T11:53:48.193941" level="INFO">Clicking element 'id=idSIButton9'.</msg>
<arg>${BOTAO AVANCAR}</arg>
<doc>Click the element identified by ``locator``.</doc>
<status status="PASS" start="2024-03-13T11:53:48.193627" elapsed="0.097052"/>
</kw>
<status status="PASS" start="2024-03-13T11:53:48.175971" elapsed="0.114708"/>
</kw>
<kw name="Sleep" owner="BuiltIn">
<msg time="2024-03-13T11:53:49.291995" level="INFO">Slept 1 second.</msg>
<arg>1s</arg>
<doc>Pauses the test executed for the given time.</doc>
<status status="PASS" start="2024-03-13T11:53:48.290679" elapsed="1.003339"/>
</kw>
<kw name="E preencher senha incorreta" owner="Keywords-Login">
<kw name="Wait Until Page Contains Element" owner="SeleniumLibrary">
<arg>${INPUT_SENHA}</arg>
<doc>Waits until the element ``locator`` appears on the current page.</doc>
<status status="PASS" start="2024-03-13T11:53:49.296666" elapsed="0.033925"/>
</kw>
<kw name="Input Password" owner="SeleniumLibrary">
<msg time="2024-03-13T11:53:49.332687" level="INFO">Typing password into text field 'id=i0118'.</msg>
<msg time="2024-03-13T11:53:49.435919" level="INFO">Temporally setting log level to: NONE</msg>
<arg>${INPUT_SENHA}</arg>
<arg>SenhaErrada</arg>
<doc>Types the given password into the text field identified by ``locator``.</doc>
<status status="PASS" start="2024-03-13T11:53:49.331686" elapsed="0.194307"/>
</kw>
<status status="PASS" start="2024-03-13T11:53:49.295101" elapsed="0.230892"/>
</kw>
<kw name="E clico no botão avançar" owner="Keywords-Login">
<kw name="Wait Until Page Contains Element" owner="SeleniumLibrary">
<arg>${BOTAO AVANCAR}</arg>
<doc>Waits until the element ``locator`` appears on the current page.</doc>
<status status="PASS" start="2024-03-13T11:53:49.527009" elapsed="0.014894"/>
</kw>
<kw name="Click Element" owner="SeleniumLibrary">
<msg time="2024-03-13T11:53:49.542994" level="INFO">Clicking element 'id=idSIButton9'.</msg>
<arg>${BOTAO AVANCAR}</arg>
<doc>Click the element identified by ``locator``.</doc>
<status status="PASS" start="2024-03-13T11:53:49.542994" elapsed="0.461684"/>
</kw>
<status status="PASS" start="2024-03-13T11:53:49.527009" elapsed="0.477669"/>
</kw>
<kw name="Então deve aparecer a mensagem de &quot;senha incorreta&quot;" owner="Keywords-Login">
<kw name="Wait Until Element Is Visible" owner="SeleniumLibrary">
<arg>${MENSAGEM_ERRO_SENHA}</arg>
<doc>Waits until the element ``locator`` is visible.</doc>
<status status="PASS" start="2024-03-13T11:53:50.005679" elapsed="0.481035"/>
</kw>
<status status="PASS" start="2024-03-13T11:53:50.004678" elapsed="0.483114"/>
</kw>
<status status="PASS" start="2024-03-13T11:53:39.350925" elapsed="11.136867"/>
</kw>
<kw name="Fechar Navegador" owner="SetupTeardown" type="TEARDOWN">
<kw name="Close Browser" owner="SeleniumLibrary">
<doc>Closes the current browser.</doc>
<status status="PASS" start="2024-03-13T11:53:50.490794" elapsed="2.195307"/>
</kw>
<status status="PASS" start="2024-03-13T11:53:50.489792" elapsed="2.197412"/>
</kw>
<status status="PASS" start="2024-03-13T11:53:39.349908" elapsed="13.339214"/>
</test>
<status status="PASS" start="2024-03-13T11:53:39.073390" elapsed="13.619728"/>
</suite>
<statistics>
<total>
<stat pass="1" fail="0" skip="0">All Tests</stat>
</total>
<tag>
</tag>
<suite>
<stat pass="1" fail="0" skip="0" id="s1" name="Testeoutlook">Testeoutlook</stat>
</suite>
</statistics>
<errors>
<msg time="2024-03-13T11:53:39.317988" level="ERROR">Error in file 'c:\Users\LowCost\Desktop\Outloook robot\QA-robot\individual-outlook\TestesCase\TesteOutlook.robot' on line 7: Setting 'Test Teardown' is not allowed in resource file.</msg>
<msg time="2024-03-13T11:53:39.320910" level="ERROR">Error in file 'c:\Users\LowCost\Desktop\Outloook robot\QA-robot\individual-outlook\PageObjects\Keywords.robot' on line 3: Error in file 'c:\Users\LowCost\Desktop\Outloook robot\QA-robot\individual-outlook\TestesCase\TesteOutlook.robot' on line 9: Resource file with 'Test Cases' section is invalid.</msg>
<msg time="2024-03-13T11:53:39.327984" level="ERROR">Error in file 'c:\Users\LowCost\Desktop\Outloook robot\QA-robot\individual-outlook\PageObjects\Login.robot' on line 8: Setting 'Test Teardown' is not allowed in resource file.</msg>
<msg time="2024-03-13T11:53:39.332912" level="ERROR">Error in file 'c:\Users\LowCost\Desktop\Outloook robot\QA-robot\individual-outlook\TestesCase\TesteOutlook.robot' on line 7: Setting 'Test Teardown' is not allowed in resource file.</msg>
<msg time="2024-03-13T11:53:39.333910" level="ERROR">Error in file 'c:\Users\LowCost\Desktop\Outloook robot\QA-robot\individual-outlook\PageObjects\Login.robot' on line 5: Error in file 'c:\Users\LowCost\Desktop\Outloook robot\QA-robot\individual-outlook\TestesCase\TesteOutlook.robot' on line 9: Resource file with 'Test Cases' section is invalid.</msg>
<msg time="2024-03-13T11:53:39.343001" level="ERROR">Error in file 'c:\Users\LowCost\Desktop\Outloook robot\QA-robot\individual-outlook\TestesCase\TesteOutlook.robot' on line 7: Setting 'Test Teardown' is not allowed in resource file.</msg>
<msg time="2024-03-13T11:53:39.344972" level="ERROR">Error in file 'c:\Users\LowCost\Desktop\Outloook robot\QA-robot\individual-outlook\PageObjects\Keywords-Login.robot' on line 3: Error in file 'c:\Users\LowCost\Desktop\Outloook robot\QA-robot\individual-outlook\TestesCase\TesteOutlook.robot' on line 9: Resource file with 'Test Cases' section is invalid.</msg>
</errors>
</robot>
